2021-09-08 01:47:05 INFO  Base:20 - End Point : /test/submit
2021-09-08 01:47:06 DEBUG BasicClientConnectionManager:161 - Get connection for route {s}->https://5x9m5ed0tj.execute-api.us-east-1.amazonaws.com:443
2021-09-08 01:47:06 DEBUG DefaultClientConnectionOperator:177 - Connecting to 5x9m5ed0tj.execute-api.us-east-1.amazonaws.com:443
2021-09-08 01:47:06 DEBUG RequestAddCookies:123 - CookieSpec selected: ignoreCookies
2021-09-08 01:47:06 DEBUG RequestAuthCache:77 - Auth cache not set in the context
2021-09-08 01:47:06 DEBUG RequestProxyAuthentication:89 - Proxy auth state: UNCHALLENGED
2021-09-08 01:47:06 DEBUG DefaultHttpClient:682 - Attempt 1 to execute request
2021-09-08 01:47:06 DEBUG DefaultClientConnection:274 - Sending request: POST /test/submit HTTP/1.1
2021-09-08 01:47:06 DEBUG wire:73 -  >> "POST /test/submit HTTP/1.1[\r][\n]"
2021-09-08 01:47:06 DEBUG wire:73 -  >> "Authorization: Bearer eyJraWQiOiJtNlhhM3FkczlxY2o2ODZYOVBRb0JqTEJSQU5yMzBPZ21ZQzdvdThZc1N3PSIsImFsZyI6IlJTMjU2In0.eyJzdWIiOiIxdTVpbzR2YTlzcjQ1bjc5ZmNlZzJkYW1qZiIsInRva2VuX3VzZSI6ImFjY2VzcyIsInNjb3BlIjoiaXphYW5fdGVzdFwvcG9zdF9pbmZvIiwiYXV0aF90aW1lIjoxNjMxMDgwMDI1LCJpc3MiOiJodHRwczpcL1wvY29nbml0by1pZHAudXMtZWFzdC0xLmFtYXpvbmF3cy5jb21cL3VzLWVhc3QtMV9ZN3k4cTVDMVoiLCJleHAiOjE2MzEwODM2MjUsImlhdCI6MTYzMTA4MDAyNSwidmVyc2lvbiI6MiwianRpIjoiNWRhYTc4ZTUtZjNiYi00NGMxLWE2NWEtY2ViMWFjZWJiNWIwIiwiY2xpZW50X2lkIjoiMXU1aW80dmE5c3I0NW43OWZjZWcyZGFtamYifQ.UuhjFC9MZaMMfGsteGDl3ECoLW3jL8I45vl_zu8U-N8HwB8CD5_ceCx3OEt46b-D6OUAGE9uBbQSi6r3FE9K8VZTpjABB2TlQFUFcES6rZvfpmmJw1ENWtqTYbXuDQZHUFuvzAvaU60opm54m8NH1A8XMmaIQQy1jpQfjeXwOwAPBiwt9H78gB-43kkoHQsXU-rwjBWfNleaex1lNbAcZuwLVOFKZs2afRvLrp1Tu_dqge7sgLEAIqit1Dj2CbyzbRVCkNWkMZuDoSW5pp5QaY0lXNsRX7V7XIbZO_2KyzsR5JbUnh1olvO-lUruY7DafvgcJS-Qw_a5M_OlM5YohQ[\r][\n]"
2021-09-08 01:47:06 DEBUG wire:73 -  >> "Accept: */*[\r][\n]"
2021-09-08 01:47:06 DEBUG wire:73 -  >> "Content-Type: application/json; charset=UTF-8[\r][\n]"
2021-09-08 01:47:06 DEBUG wire:73 -  >> "Content-Length: 33[\r][\n]"
2021-09-08 01:47:06 DEBUG wire:73 -  >> "Host: 5x9m5ed0tj.execute-api.us-east-1.amazonaws.com[\r][\n]"
2021-09-08 01:47:06 DEBUG wire:73 -  >> "Connection: Keep-Alive[\r][\n]"
2021-09-08 01:47:06 DEBUG wire:73 -  >> "User-Agent: Apache-HttpClient/4.5.3 (Java/1.8.0_291)[\r][\n]"
2021-09-08 01:47:06 DEBUG wire:73 -  >> "Accept-Encoding: gzip,deflate[\r][\n]"
2021-09-08 01:47:06 DEBUG wire:73 -  >> "[\r][\n]"
2021-09-08 01:47:06 DEBUG headers:278 - >> POST /test/submit HTTP/1.1
2021-09-08 01:47:06 DEBUG headers:281 - >> Authorization: Bearer eyJraWQiOiJtNlhhM3FkczlxY2o2ODZYOVBRb0JqTEJSQU5yMzBPZ21ZQzdvdThZc1N3PSIsImFsZyI6IlJTMjU2In0.eyJzdWIiOiIxdTVpbzR2YTlzcjQ1bjc5ZmNlZzJkYW1qZiIsInRva2VuX3VzZSI6ImFjY2VzcyIsInNjb3BlIjoiaXphYW5fdGVzdFwvcG9zdF9pbmZvIiwiYXV0aF90aW1lIjoxNjMxMDgwMDI1LCJpc3MiOiJodHRwczpcL1wvY29nbml0by1pZHAudXMtZWFzdC0xLmFtYXpvbmF3cy5jb21cL3VzLWVhc3QtMV9ZN3k4cTVDMVoiLCJleHAiOjE2MzEwODM2MjUsImlhdCI6MTYzMTA4MDAyNSwidmVyc2lvbiI6MiwianRpIjoiNWRhYTc4ZTUtZjNiYi00NGMxLWE2NWEtY2ViMWFjZWJiNWIwIiwiY2xpZW50X2lkIjoiMXU1aW80dmE5c3I0NW43OWZjZWcyZGFtamYifQ.UuhjFC9MZaMMfGsteGDl3ECoLW3jL8I45vl_zu8U-N8HwB8CD5_ceCx3OEt46b-D6OUAGE9uBbQSi6r3FE9K8VZTpjABB2TlQFUFcES6rZvfpmmJw1ENWtqTYbXuDQZHUFuvzAvaU60opm54m8NH1A8XMmaIQQy1jpQfjeXwOwAPBiwt9H78gB-43kkoHQsXU-rwjBWfNleaex1lNbAcZuwLVOFKZs2afRvLrp1Tu_dqge7sgLEAIqit1Dj2CbyzbRVCkNWkMZuDoSW5pp5QaY0lXNsRX7V7XIbZO_2KyzsR5JbUnh1olvO-lUruY7DafvgcJS-Qw_a5M_OlM5YohQ
2021-09-08 01:47:06 DEBUG headers:281 - >> Accept: */*
2021-09-08 01:47:06 DEBUG headers:281 - >> Content-Type: application/json; charset=UTF-8
2021-09-08 01:47:06 DEBUG headers:281 - >> Content-Length: 33
2021-09-08 01:47:06 DEBUG headers:281 - >> Host: 5x9m5ed0tj.execute-api.us-east-1.amazonaws.com
2021-09-08 01:47:06 DEBUG headers:281 - >> Connection: Keep-Alive
2021-09-08 01:47:06 DEBUG headers:281 - >> User-Agent: Apache-HttpClient/4.5.3 (Java/1.8.0_291)
2021-09-08 01:47:06 DEBUG headers:281 - >> Accept-Encoding: gzip,deflate
2021-09-08 01:47:06 DEBUG wire:73 -  >> "{[\n]"
2021-09-08 01:47:06 DEBUG wire:73 -  >> "  "name": "John",[\n]"
2021-09-08 01:47:06 DEBUG wire:73 -  >> "  "age": 26[\n]"
2021-09-08 01:47:06 DEBUG wire:87 -  >> "}"
2021-09-08 01:47:07 DEBUG wire:73 -  << "HTTP/1.1 200 OK[\r][\n]"
2021-09-08 01:47:07 DEBUG wire:73 -  << "Date: Wed, 08 Sep 2021 05:47:07 GMT[\r][\n]"
2021-09-08 01:47:07 DEBUG wire:73 -  << "Content-Type: application/json[\r][\n]"
2021-09-08 01:47:07 DEBUG wire:73 -  << "Content-Length: 31[\r][\n]"
2021-09-08 01:47:07 DEBUG wire:73 -  << "Connection: keep-alive[\r][\n]"
2021-09-08 01:47:07 DEBUG wire:73 -  << "x-amzn-RequestId: d8dc59b6-5787-4e7f-84c1-870e83e314e4[\r][\n]"
2021-09-08 01:47:07 DEBUG wire:73 -  << "x-amz-apigw-id: FVEuRGyxoAMFmkg=[\r][\n]"
2021-09-08 01:47:07 DEBUG wire:73 -  << "X-Amzn-Trace-Id: Root=1-61384e5b-29d4010930f1caf92ce4f2a7;Sampled=0[\r][\n]"
2021-09-08 01:47:07 DEBUG wire:73 -  << "[\r][\n]"
2021-09-08 01:47:07 DEBUG DefaultClientConnection:259 - Receiving response: HTTP/1.1 200 OK
2021-09-08 01:47:07 DEBUG headers:262 - << HTTP/1.1 200 OK
2021-09-08 01:47:07 DEBUG headers:265 - << Date: Wed, 08 Sep 2021 05:47:07 GMT
2021-09-08 01:47:07 DEBUG headers:265 - << Content-Type: application/json
2021-09-08 01:47:07 DEBUG headers:265 - << Content-Length: 31
2021-09-08 01:47:07 DEBUG headers:265 - << Connection: keep-alive
2021-09-08 01:47:07 DEBUG headers:265 - << x-amzn-RequestId: d8dc59b6-5787-4e7f-84c1-870e83e314e4
2021-09-08 01:47:07 DEBUG headers:265 - << x-amz-apigw-id: FVEuRGyxoAMFmkg=
2021-09-08 01:47:07 DEBUG headers:265 - << X-Amzn-Trace-Id: Root=1-61384e5b-29d4010930f1caf92ce4f2a7;Sampled=0
2021-09-08 01:47:07 DEBUG DefaultHttpClient:509 - Connection can be kept alive indefinitely
2021-09-08 01:47:07 DEBUG RequestSpecificationImpl$RestAssuredHttpBuilder:544 - Parsing response as: application/json
2021-09-08 01:47:07 DEBUG RequestSpecificationImpl$RestAssuredHttpBuilder:547 - Parsed data to instance of: class org.apache.http.conn.EofSensorInputStream
2021-09-08 01:47:07 DEBUG wire:87 -  << "{"message": "You are an Adult"}"
2021-09-08 01:47:07 DEBUG BasicClientConnectionManager:200 - Releasing connection org.apache.http.impl.conn.ManagedClientConnectionImpl@62b3df3a
2021-09-08 01:47:07 DEBUG BasicClientConnectionManager:225 - Connection can be kept alive indefinitely
